
-----------  start log at Mon Nov 30 13:38:49 2015----------
Logios> 	POCKET => 
Logios> 	NO_INTERACTION => 
Logios> 	AUX_PROJECTS => 
Logios> 	SAMPSIZE => 300000
Logios> 	PROJECT => MeetingLineDomain
Logios> 	OUTPATH => 
Logios> 	LOGFILE => make_language.log
Logios> 	INSTANCE => MeetingLine
Logios> 	OLYMODE => 1
Logios> 	INPATH => 
Logios> 	FORCE => 
Logios> 	RESOURCES => C:\Users\jrkerlin\Documents\GitHub\cmusphinx\logios\examples\Resources
Logios> 	SOURCE => local
Logios> 	LOGIOS => C:\Users\jrkerlin\Documents\GitHub\cmusphinx\logios
Logios> 

Logios> COMPILING GRAMMAR...
Logios> COMPILING LANGUAGE MODEL...
WARNING> Source 'C:\Users\jrkerlin\Documents\GitHub\cmusphinx\logios\examples\Resources\DecoderConfig\LanguageModel\TEMP\MeetingLine.words' doesn't exist!
Logios> generating corpus...
Logios> "C:\Users\jrkerlin\Documents\GitHub\cmusphinx\logios\Tools\MakeLM\generate_random_samples.pl" -n 300000 -d "C:\Users\jrkerlin\Documents\GitHub\cmusphinx\logios\examples\Resources\Grammar" -grammarfile "C:\Users\jrkerlin\Documents\GitHub\cmusphinx\logios\examples\Resources\Grammar\MeetingLine_flat.gra"
FAIL> Can't open C:\Users\jrkerlin\Documents\GitHub\cmusphinx\logios\examples\Resources\DecoderConfig\LanguageModel\TEMP\MeetingLine.corpus
Logios>   -----------------  done   ---------------------------------- 

